android/build/outputs/logs/manifest-merger-release-report.txt
-- Merging decision tree log ---
manifest
ADDED from Fissure/android/AndroidManifest.xml:2:1-35:12
INJECTED from Fissure/android/AndroidManifest.xml:2:1-35:12
INJECTED from Fissure/android/AndroidManifest.xml:2:1-35:12
INJECTED from Fissure/android/AndroidManifest.xml:2:1-35:12
MERGED from [com.google.android.gms:play-services-auth:15.0.1] AndroidManifest.xml:17:1-39:12
MERGED from [com.google.android.gms:play-services-identity:15.0.1] AndroidManifest.xml:17:1-24:12
MERGED from [com.google.android.gms:play-services-games:15.0.1] AndroidManifest.xml:17:1-24:12
MERGED from [com.google.android.gms:play-services-ads:15.0.1] AndroidManifest.xml:17:1-25:12
MERGED from [com.google.android.gms:play-services-auth-api-phone:15.0.1] AndroidManifest.xml:2:1-7:12
MERGED from [com.google.android.gms:play-services-auth-base:15.0.1] AndroidManifest.xml:2:1-7:12
MERGED from [com.google.android.gms:play-services-drive:15.0.1] AndroidManifest.xml:17:1-24:12
MERGED from [com.google.android.gms:play-services-base:15.0.1] AndroidManifest.xml:17:1-29:12
MERGED from [com.google.android.gms:play-services-tasks:15.0.1] AndroidManifest.xml:2:1-9:12
MERGED from [com.google.android.gms:play-services-ads-identifier:15.0.1] AndroidManifest.xml:17:1-24:12
MERGED from [com.google.android.gms:play-services-ads-lite:15.0.1] AndroidManifest.xml:17:1-36:12
MERGED from [com.google.android.gms:play-services-gass:15.0.1] AndroidManifest.xml:2:1-9:12
MERGED from [com.google.android.gms:play-services-basement:15.0.1] AndroidManifest.xml:17:1-28:12
MERGED from [com.android.support:customtabs:26.1.0] AndroidManifest.xml:17:1-28:12
MERGED from [com.google.android.gms:play-services-ads-base:15.0.1] AndroidManifest.xml:17:1-24:12
MERGED from [com.android.support:support-v4:26.1.0] AndroidManifest.xml:17:1-31:12
MERGED from [com.android.support:support-media-compat:26.1.0] AndroidManifest.xml:17:1-31:12
MERGED from [com.android.support:support-fragment:26.1.0] AndroidManifest.xml:17:1-31:12
MERGED from [com.android.support:support-core-utils:26.1.0] AndroidManifest.xml:17:1-31:12
MERGED from [com.android.support:support-core-ui:26.1.0] AndroidManifest.xml:17:1-31:12
MERGED from [com.android.support:support-compat:26.1.0] AndroidManifest.xml:17:1-31:12
MERGED from [android.arch.lifecycle:runtime:1.0.0] AndroidManifest.xml:17:1-30:12
INJECTED from Fissure/android/AndroidManifest.xml:2:1-35:12
INJECTED from Fissure/android/AndroidManifest.xml:2:1-35:12
INJECTED from Fissure/android/AndroidManifest.xml:2:1-35:12
	package
		ADDED from Fissure/android/AndroidManifest.xml:3:5-49
		INJECTED from Fissure/android/AndroidManifest.xml
		INJECTED from Fissure/android/AndroidManifest.xml
	android:versionName
		INJECTED from Fissure/android/AndroidManifest.xml
		ADDED from Fissure/android/AndroidManifest.xml:2:1-35:12
		INJECTED from Fissure/android/AndroidManifest.xml
	android:versionCode
		INJECTED from Fissure/android/AndroidManifest.xml
		ADDED from Fissure/android/AndroidManifest.xml:2:1-35:12
		INJECTED from Fissure/android/AndroidManifest.xml
	xmlns:android
		ADDED from Fissure/android/AndroidManifest.xml:2:11-69
uses-sdk
ADDED from Fissure/android/AndroidManifest.xml:5:5-74
INJECTED from Fissure/android/AndroidManifest.xml:5:5-74
INJECTED from Fissure/android/AndroidManifest.xml:5:5-74
MERGED from [com.google.android.gms:play-services-auth:15.0.1] AndroidManifest.xml:20:5-44
MERGED from [com.google.android.gms:play-services-auth:15.0.1] AndroidManifest.xml:20:5-44
MERGED from [com.google.android.gms:play-services-identity:15.0.1] AndroidManifest.xml:20:5-44
MERGED from [com.google.android.gms:play-services-identity:15.0.1] AndroidManifest.xml:20:5-44
MERGED from [com.google.android.gms:play-services-games:15.0.1] AndroidManifest.xml:20:5-44
MERGED from [com.google.android.gms:play-services-games:15.0.1] AndroidManifest.xml:20:5-44
MERGED from [com.google.android.gms:play-services-ads:15.0.1] AndroidManifest.xml:21:5-23:62
MERGED from [com.google.android.gms:play-services-ads:15.0.1] AndroidManifest.xml:21:5-23:62
MERGED from [com.google.android.gms:play-services-auth-api-phone:15.0.1] AndroidManifest.xml:5:5-44
MERGED from [com.google.android.gms:play-services-auth-api-phone:15.0.1] AndroidManifest.xml:5:5-44
MERGED from [com.google.android.gms:play-services-auth-base:15.0.1] AndroidManifest.xml:5:5-44
MERGED from [com.google.android.gms:play-services-auth-base:15.0.1] AndroidManifest.xml:5:5-44
MERGED from [com.google.android.gms:play-services-drive:15.0.1] AndroidManifest.xml:20:5-44
MERGED from [com.google.android.gms:play-services-drive:15.0.1] AndroidManifest.xml:20:5-44
MERGED from [com.google.android.gms:play-services-base:15.0.1] AndroidManifest.xml:20:5-44
MERGED from [com.google.android.gms:play-services-base:15.0.1] AndroidManifest.xml:20:5-44
MERGED from [com.google.android.gms:play-services-tasks:15.0.1] AndroidManifest.xml:5:5-44
MERGED from [com.google.android.gms:play-services-tasks:15.0.1] AndroidManifest.xml:5:5-44
MERGED from [com.google.android.gms:play-services-ads-identifier:15.0.1] AndroidManifest.xml:20:5-44
MERGED from [com.google.android.gms:play-services-ads-identifier:15.0.1] AndroidManifest.xml:20:5-44
MERGED from [com.google.android.gms:play-services-ads-lite:15.0.1] AndroidManifest.xml:20:5-44
MERGED from [com.google.android.gms:play-services-ads-lite:15.0.1] AndroidManifest.xml:20:5-44
MERGED from [com.google.android.gms:play-services-gass:15.0.1] AndroidManifest.xml:5:5-44
MERGED from [com.google.android.gms:play-services-gass:15.0.1] AndroidManifest.xml:5:5-44
MERGED from [com.google.android.gms:play-services-basement:15.0.1] AndroidManifest.xml:20:5-44
MERGED from [com.google.android.gms:play-services-basement:15.0.1] AndroidManifest.xml:20:5-44
MERGED from [com.android.support:customtabs:26.1.0] AndroidManifest.xml:20:5-44
MERGED from [com.android.support:customtabs:26.1.0] AndroidManifest.xml:20:5-44
MERGED from [com.google.android.gms:play-services-ads-base:15.0.1] AndroidManifest.xml:20:5-44
MERGED from [com.google.android.gms:play-services-ads-base:15.0.1] AndroidManifest.xml:20:5-44
MERGED from [com.android.support:support-v4:26.1.0] AndroidManifest.xml:21:5-23:54
MERGED from [com.android.support:support-v4:26.1.0] AndroidManifest.xml:21:5-23:54
MERGED from [com.android.support:support-media-compat:26.1.0] AndroidManifest.xml:21:5-23:63
MERGED from [com.android.support:support-media-compat:26.1.0] AndroidManifest.xml:21:5-23:63
MERGED from [com.android.support:support-fragment:26.1.0] AndroidManifest.xml:21:5-23:60
MERGED from [com.android.support:support-fragment:26.1.0] AndroidManifest.xml:21:5-23:60
MERGED from [com.android.support:support-core-utils:26.1.0] AndroidManifest.xml:21:5-23:61
MERGED from [com.android.support:support-core-utils:26.1.0] AndroidManifest.xml:21:5-23:61
MERGED from [com.android.support:support-core-ui:26.1.0] AndroidManifest.xml:21:5-23:58
MERGED from [com.android.support:support-core-ui:26.1.0] AndroidManifest.xml:21:5-23:58
MERGED from [com.android.support:support-compat:26.1.0] AndroidManifest.xml:21:5-23:58
MERGED from [com.android.support:support-compat:26.1.0] AndroidManifest.xml:21:5-23:58
MERGED from [android.arch.lifecycle:runtime:1.0.0] AndroidManifest.xml:20:5-22:41
MERGED from [android.arch.lifecycle:runtime:1.0.0] AndroidManifest.xml:20:5-22:41
INJECTED from Fissure/android/AndroidManifest.xml:5:5-74
INJECTED from Fissure/android/AndroidManifest.xml:5:5-74
	tools:overrideLibrary
		ADDED from [com.google.android.gms:play-services-ads:15.0.1] AndroidManifest.xml:23:9-59
	android:targetSdkVersion
		ADDED from Fissure/android/AndroidManifest.xml:5:42-71
		INJECTED from Fissure/android/AndroidManifest.xml
		INJECTED from Fissure/android/AndroidManifest.xml
	android:minSdkVersion
		ADDED from Fissure/android/AndroidManifest.xml:5:15-41
		INJECTED from Fissure/android/AndroidManifest.xml
		INJECTED from Fissure/android/AndroidManifest.xml
uses-feature#0x00020000
ADDED from Fissure/android/AndroidManifest.xml:6:5-54
	android:glEsVersion
		ADDED from Fissure/android/AndroidManifest.xml:6:19-51
uses-permission#android.permission.INTERNET
ADDED from Fissure/android/AndroidManifest.xml:7:5-66
MERGED from [com.google.android.gms:play-services-ads-lite:15.0.1] AndroidManifest.xml:23:5-67
MERGED from [com.google.android.gms:play-services-ads-lite:15.0.1] AndroidManifest.xml:23:5-67
	android:name
		ADDED from Fissure/android/AndroidManifest.xml:7:22-64
uses-permission#android.permission.ACCESS_NETWORK_STATE
ADDED from Fissure/android/AndroidManifest.xml:8:5-78
MERGED from [com.google.android.gms:play-services-ads-lite:15.0.1] AndroidManifest.xml:24:5-79
MERGED from [com.google.android.gms:play-services-ads-lite:15.0.1] AndroidManifest.xml:24:5-79
	android:name
		ADDED from Fissure/android/AndroidManifest.xml:8:22-76
application
ADDED from Fissure/android/AndroidManifest.xml:10:5-33:19
MERGED from [com.google.android.gms:play-services-auth:15.0.1] AndroidManifest.xml:22:5-37:19
MERGED from [com.google.android.gms:play-services-auth:15.0.1] AndroidManifest.xml:22:5-37:19
MERGED from [com.google.android.gms:play-services-identity:15.0.1] AndroidManifest.xml:22:5-20
MERGED from [com.google.android.gms:play-services-identity:15.0.1] AndroidManifest.xml:22:5-20
MERGED from [com.google.android.gms:play-services-games:15.0.1] AndroidManifest.xml:22:5-20
MERGED from [com.google.android.gms:play-services-games:15.0.1] AndroidManifest.xml:22:5-20
MERGED from [com.google.android.gms:play-services-drive:15.0.1] AndroidManifest.xml:22:5-20
MERGED from [com.google.android.gms:play-services-drive:15.0.1] AndroidManifest.xml:22:5-20
MERGED from [com.google.android.gms:play-services-base:15.0.1] AndroidManifest.xml:22:5-27:19
MERGED from [com.google.android.gms:play-services-base:15.0.1] AndroidManifest.xml:22:5-27:19
MERGED from [com.google.android.gms:play-services-tasks:15.0.1] AndroidManifest.xml:7:5-20
MERGED from [com.google.android.gms:play-services-tasks:15.0.1] AndroidManifest.xml:7:5-20
MERGED from [com.google.android.gms:play-services-ads-identifier:15.0.1] AndroidManifest.xml:22:5-20
MERGED from [com.google.android.gms:play-services-ads-identifier:15.0.1] AndroidManifest.xml:22:5-20
MERGED from [com.google.android.gms:play-services-ads-lite:15.0.1] AndroidManifest.xml:26:5-34:19
MERGED from [com.google.android.gms:play-services-ads-lite:15.0.1] AndroidManifest.xml:26:5-34:19
MERGED from [com.google.android.gms:play-services-gass:15.0.1] AndroidManifest.xml:7:5-20
MERGED from [com.google.android.gms:play-services-gass:15.0.1] AndroidManifest.xml:7:5-20
MERGED from [com.google.android.gms:play-services-basement:15.0.1] AndroidManifest.xml:22:5-26:19
MERGED from [com.google.android.gms:play-services-basement:15.0.1] AndroidManifest.xml:22:5-26:19
MERGED from [com.android.support:customtabs:26.1.0] AndroidManifest.xml:22:5-26:19
MERGED from [com.android.support:customtabs:26.1.0] AndroidManifest.xml:22:5-26:19
MERGED from [com.google.android.gms:play-services-ads-base:15.0.1] AndroidManifest.xml:22:5-20
MERGED from [com.google.android.gms:play-services-ads-base:15.0.1] AndroidManifest.xml:22:5-20
MERGED from [com.android.support:support-v4:26.1.0] AndroidManifest.xml:25:5-29:19
MERGED from [com.android.support:support-v4:26.1.0] AndroidManifest.xml:25:5-29:19
MERGED from [com.android.support:support-media-compat:26.1.0] AndroidManifest.xml:25:5-29:19
MERGED from [com.android.support:support-media-compat:26.1.0] AndroidManifest.xml:25:5-29:19
MERGED from [com.android.support:support-fragment:26.1.0] AndroidManifest.xml:25:5-29:19
MERGED from [com.android.support:support-fragment:26.1.0] AndroidManifest.xml:25:5-29:19
MERGED from [com.android.support:support-core-utils:26.1.0] AndroidManifest.xml:25:5-29:19
MERGED from [com.android.support:support-core-utils:26.1.0] AndroidManifest.xml:25:5-29:19
MERGED from [com.android.support:support-core-ui:26.1.0] AndroidManifest.xml:25:5-29:19
MERGED from [com.android.support:support-core-ui:26.1.0] AndroidManifest.xml:25:5-29:19
MERGED from [com.android.support:support-compat:26.1.0] AndroidManifest.xml:25:5-29:19
MERGED from [com.android.support:support-compat:26.1.0] AndroidManifest.xml:25:5-29:19
MERGED from [android.arch.lifecycle:runtime:1.0.0] AndroidManifest.xml:24:5-28:19
MERGED from [android.arch.lifecycle:runtime:1.0.0] AndroidManifest.xml:24:5-28:19
	android:label
		ADDED from Fissure/android/AndroidManifest.xml:13:9-41
	android:icon
		ADDED from Fissure/android/AndroidManifest.xml:12:9-45
	android:allowBackup
		ADDED from Fissure/android/AndroidManifest.xml:11:9-35
	android:theme
		ADDED from Fissure/android/AndroidManifest.xml:14:9-40
meta-data#com.google.android.gms.version
ADDED from Fissure/android/AndroidManifest.xml:15:9-121
MERGED from [com.google.android.gms:play-services-basement:15.0.1] AndroidManifest.xml:23:9-25:69
MERGED from [com.google.android.gms:play-services-basement:15.0.1] AndroidManifest.xml:23:9-25:69
	android:value
		ADDED from Fissure/android/AndroidManifest.xml:15:66-119
	android:name
		ADDED from Fissure/android/AndroidManifest.xml:15:20-65
activity#com.google.android.gms.ads.AdActivity
ADDED from Fissure/android/AndroidManifest.xml:16:9-183
MERGED from [com.google.android.gms:play-services-ads-lite:15.0.1] AndroidManifest.xml:29:9-33:64
MERGED from [com.google.android.gms:play-services-ads-lite:15.0.1] AndroidManifest.xml:29:9-33:64
	android:exported
		ADDED from [com.google.android.gms:play-services-ads-lite:15.0.1] AndroidManifest.xml:32:13-37
	android:configChanges
		ADDED from Fissure/android/AndroidManifest.xml:16:72-181
	android:theme
		ADDED from [com.google.android.gms:play-services-ads-lite:15.0.1] AndroidManifest.xml:33:13-61
	android:name
		ADDED from Fissure/android/AndroidManifest.xml:16:19-71
activity#com.gmail.studios.co.fiish.fissure.AndroidLauncher
ADDED from Fissure/android/AndroidManifest.xml:17:9-26:20
	android:screenOrientation
		ADDED from Fissure/android/AndroidManifest.xml:20:13-56
	android:label
		ADDED from Fissure/android/AndroidManifest.xml:19:13-45
	android:configChanges
		ADDED from Fissure/android/AndroidManifest.xml:21:13-94
	android:name
		ADDED from Fissure/android/AndroidManifest.xml:18:13-78
intent-filter#action:name:android.intent.action.MAIN+category:name:android.intent.category.LAUNCHER
ADDED from Fissure/android/AndroidManifest.xml:22:13-25:29
action#android.intent.action.MAIN
ADDED from Fissure/android/AndroidManifest.xml:23:17-69
	android:name
		ADDED from Fissure/android/AndroidManifest.xml:23:25-66
category#android.intent.category.LAUNCHER
ADDED from Fissure/android/AndroidManifest.xml:24:17-77
	android:name
		ADDED from Fissure/android/AndroidManifest.xml:24:27-74
activity#com.google.android.gms.auth.api.signin.internal.SignInHubActivity
ADDED from [com.google.android.gms:play-services-auth:15.0.1] AndroidManifest.xml:23:9-27:75
	android:excludeFromRecents
		ADDED from [com.google.android.gms:play-services-auth:15.0.1] AndroidManifest.xml:25:13-46
	android:exported
		ADDED from [com.google.android.gms:play-services-auth:15.0.1] AndroidManifest.xml:26:13-37
	android:theme
		ADDED from [com.google.android.gms:play-services-auth:15.0.1] AndroidManifest.xml:27:13-72
	android:name
		ADDED from [com.google.android.gms:play-services-auth:15.0.1] AndroidManifest.xml:24:13-93
service#com.google.android.gms.auth.api.signin.RevocationBoundService
ADDED from [com.google.android.gms:play-services-auth:15.0.1] AndroidManifest.xml:33:9-36:110
	android:exported
		ADDED from [com.google.android.gms:play-services-auth:15.0.1] AndroidManifest.xml:35:13-36
	android:permission
		ADDED from [com.google.android.gms:play-services-auth:15.0.1] AndroidManifest.xml:36:13-107
	android:name
		ADDED from [com.google.android.gms:play-services-auth:15.0.1] AndroidManifest.xml:34:13-89
activity#com.google.android.gms.common.api.GoogleApiActivity
ADDED from [com.google.android.gms:play-services-base:15.0.1] AndroidManifest.xml:23:9-26:75
	android:exported
		ADDED from [com.google.android.gms:play-services-base:15.0.1] AndroidManifest.xml:25:13-37
	android:theme
		ADDED from [com.google.android.gms:play-services-base:15.0.1] AndroidManifest.xml:26:13-72
	android:name
		ADDED from [com.google.android.gms:play-services-base:15.0.1] AndroidManifest.xml:24:13-79
meta-data#android.support.VERSION
ADDED from [com.android.support:customtabs:26.1.0] AndroidManifest.xml:23:9-25:38
MERGED from [com.android.support:support-v4:26.1.0] AndroidManifest.xml:26:9-28:38
MERGED from [com.android.support:support-v4:26.1.0] AndroidManifest.xml:26:9-28:38
MERGED from [com.android.support:support-media-compat:26.1.0] AndroidManifest.xml:26:9-28:38
MERGED from [com.android.support:support-media-compat:26.1.0] AndroidManifest.xml:26:9-28:38
MERGED from [com.android.support:support-fragment:26.1.0] AndroidManifest.xml:26:9-28:38
MERGED from [com.android.support:support-fragment:26.1.0] AndroidManifest.xml:26:9-28:38
MERGED from [com.android.support:support-core-utils:26.1.0] AndroidManifest.xml:26:9-28:38
MERGED from [com.android.support:support-core-utils:26.1.0] AndroidManifest.xml:26:9-28:38
MERGED from [com.android.support:support-core-ui:26.1.0] AndroidManifest.xml:26:9-28:38
MERGED from [com.android.support:support-core-ui:26.1.0] AndroidManifest.xml:26:9-28:38
MERGED from [com.android.support:support-compat:26.1.0] AndroidManifest.xml:26:9-28:38
MERGED from [com.android.support:support-compat:26.1.0] AndroidManifest.xml:26:9-28:38
	android:value
		ADDED from [com.android.support:customtabs:26.1.0] AndroidManifest.xml:25:13-35
	android:name
		ADDED from [com.android.support:customtabs:26.1.0] AndroidManifest.xml:24:13-51
meta-data#android.arch.lifecycle.VERSION
ADDED from [android.arch.lifecycle:runtime:1.0.0] AndroidManifest.xml:25:9-27:47
	android:value
		ADDED from [android.arch.lifecycle:runtime:1.0.0] AndroidManifest.xml:27:13-44
	android:name
		ADDED from [android.arch.lifecycle:runtime:1.0.0] AndroidManifest.xml:26:13-58